<?xml version="1.0" encoding="UTF-8"?>
<!-- Generated by org.testng.reporters.JUnitReportReporter -->
<testsuite skipped="0" hostname="LAPTOP-UUEN4UGA" name="tests.TwoTest" tests="1" failures="0" timestamp="23 Feb 2023 01:37:22 GMT" time="0.000" errors="0">
  <testcase name="twoTest" time="0.000" classname="tests.TwoTest"/>
</testsuite> <!-- tests.TwoTest -->
