<?xml version="1.0" encoding="UTF-8"?>
<!-- Generated by org.testng.reporters.JUnitReportReporter -->
<testsuite skipped="0" hostname="LAPTOP-UUEN4UGA" name="tests.LoginTest" tests="2" failures="0" timestamp="23 Feb 2023 01:37:22 GMT" time="25.020" errors="0">
  <testcase name="login" time="18.053" classname="tests.LoginTest"/>
  <testcase name="login" time="6.967" classname="tests.LoginTest"/>
</testsuite> <!-- tests.LoginTest -->
